{
  "RSpec": {
    "coverage": {
      "/home/jsperezg/NetBeansProjects/fges/spec/support/factory_girl.rb": [
        1,
        1,
        null
      ],
      "/home/jsperezg/NetBeansProjects/fges/spec/support/devise.rb": [
        1,
        1,
        1,
        null
      ],
      "/home/jsperezg/NetBeansProjects/fges/app/models/invoice_detail.rb": [
        1,
        1,
        1,
        1,
        1,
        1,
        null,
        1,
        1,
        1,
        1,
        1,
        null,
        1,
        null,
        1,
        0,
        0,
        null,
        null,
        null,
        1,
        0,
        0,
        null,
        null,
        null,
        1,
        0,
        0,
        null,
        null,
        null,
        1,
        1,
        1,
        null,
        null,
        null,
        1,
        null,
        1,
        19,
        null,
        null
      ],
      "/home/jsperezg/NetBeansProjects/fges/app/models/vat.rb": [
        1,
        1,
        1,
        null,
        1,
        null,
        1,
        null,
        1,
        4,
        1,
        null,
        null,
        null
      ],
      "/home/jsperezg/NetBeansProjects/fges/app/models/invoice.rb": [
        1,
        1,
        null,
        1,
        null,
        null,
        null,
        null,
        null,
        null,
        null,
        null,
        null,
        null,
        null,
        1,
        null,
        1,
        null,
        0,
        null,
        null,
        null,
        1,
        1,
        1,
        1,
        null,
        1,
        1,
        1,
        1,
        1,
        1,
        1,
        1,
        null,
        1,
        0,
        null,
        0,
        0,
        null,
        null,
        0,
        null,
        null,
        1,
        1,
        1,
        null,
        1,
        3,
        null,
        null,
        1,
        0,
        null,
        0,
        0,
        null,
        null,
        0,
        null,
        null,
        1,
        0,
        null,
        0,
        0,
        null,
        null,
        0,
        null,
        null,
        1,
        0,
        null,
        null,
        0,
        0,
        0,
        null,
        null,
        0,
        null,
        null,
        1,
        0,
        null,
        0,
        0,
        null,
        null,
        0,
        null,
        null,
        1,
        0,
        0,
        0,
        0,
        0,
        null,
        null,
        0,
        null,
        null,
        1,
        0,
        0,
        null,
        null,
        1,
        6,
        null,
        null,
        1,
        0,
        null,
        null,
        1,
        6,
        null,
        null,
        1,
        6,
        null,
        null,
        1,
        0,
        null,
        null,
        1,
        0,
        0,
        0,
        null,
        null,
        0,
        null,
        null,
        1,
        0,
        null,
        null,
        1,
        0,
        null,
        0,
        null,
        null,
        0,
        null,
        null,
        null,
        1,
        null,
        1,
        6,
        0,
        null,
        0,
        null,
        6,
        null,
        null,
        null,
        6,
        null,
        null,
        6,
        null,
        null,
        1,
        3,
        3,
        0,
        null,
        3,
        null,
        null,
        null,
        null,
        1,
        3,
        0,
        0,
        null,
        null,
        null,
        1,
        3,
        0,
        null,
        null,
        null
      ],
      "/home/jsperezg/NetBeansProjects/fges/lib/sequence_generator.rb": [
        1,
        1,
        null,
        1,
        null,
        5,
        5,
        null,
        null,
        5,
        5,
        null,
        5,
        null,
        null,
        null,
        1,
        5,
        5,
        null,
        5,
        2,
        null,
        null,
        2,
        2,
        null,
        2,
        0,
        0,
        null,
        null,
        3,
        null,
        null,
        null,
        5,
        5,
        null,
        5,
        5,
        5,
        null,
        null,
        5,
        0,
        0,
        null,
        null,
        null,
        1,
        5,
        null,
        5,
        null,
        5,
        5,
        null,
        5,
        null,
        null,
        1,
        10,
        null,
        10,
        10,
        null,
        10,
        10,
        null,
        null,
        null,
        null,
        null,
        null,
        null,
        10,
        null,
        null
      ],
      "/home/jsperezg/NetBeansProjects/fges/lib/settings.rb": [
        1,
        1,
        17,
        17,
        10,
        null,
        null,
        17,
        null,
        null,
        1,
        17,
        17,
        10,
        null,
        5,
        null,
        null,
        5,
        null,
        null,
        0,
        null,
        null,
        0,
        null,
        null,
        0,
        null,
        null,
        null,
        17,
        null,
        null,
        1,
        0,
        null,
        0,
        0,
        0,
        null,
        0,
        0,
        null,
        null,
        null
      ],
      "/home/jsperezg/NetBeansProjects/fges/app/models/payment_method.rb": [
        1,
        1,
        null,
        1,
        null,
        1,
        null,
        1,
        3,
        0,
        null,
        null,
        null
      ],
      "/home/jsperezg/NetBeansProjects/fges/app/models/customer.rb": [
        1,
        1,
        null,
        null,
        null,
        null,
        null,
        null,
        null,
        null,
        null,
        1,
        null,
        1,
        null,
        0,
        null,
        null,
        null,
        null,
        1,
        0,
        null,
        null,
        1,
        0,
        null,
        0,
        null,
        null,
        0,
        null,
        null,
        0,
        null,
        null,
        null,
        1,
        1,
        1,
        1,
        1,
        null,
        1,
        1,
        1,
        null,
        1,
        0,
        0,
        0,
        null,
        null,
        null,
        1,
        null,
        3,
        null,
        null,
        null,
        null,
        null
      ],
      "/home/jsperezg/NetBeansProjects/fges/app/models/setting_key.rb": [
        1,
        1,
        1,
        null,
        1,
        null
      ],
      "/home/jsperezg/NetBeansProjects/fges/app/models/setting_value.rb": [
        1,
        1,
        null,
        1,
        null
      ],
      "/home/jsperezg/NetBeansProjects/fges/app/models/service.rb": [
        1,
        1,
        null,
        null,
        null,
        null,
        null,
        null,
        null,
        null,
        null,
        null,
        1,
        null,
        1,
        null,
        0,
        null,
        null,
        null,
        null,
        null,
        null,
        null,
        null,
        1,
        null,
        0,
        null,
        null,
        null,
        null,
        null,
        1,
        0,
        null,
        null,
        1,
        0,
        0,
        0,
        null,
        null,
        null,
        1,
        0,
        null,
        0,
        null,
        null,
        0,
        null,
        null,
        0,
        null,
        null,
        0,
        null,
        null,
        0,
        null,
        null,
        0,
        null,
        null,
        0,
        null,
        null,
        null,
        1,
        1,
        null,
        1,
        1,
        1,
        1,
        1,
        null,
        1,
        null,
        1,
        0,
        null,
        null,
        1,
        null,
        1,
        3,
        null,
        null
      ],
      "/home/jsperezg/NetBeansProjects/fges/app/models/unit.rb": [
        1,
        1,
        null
      ],
      "/home/jsperezg/NetBeansProjects/fges/app/models/time_log.rb": [
        1,
        1,
        1,
        1,
        null,
        1,
        1,
        1,
        1,
        1,
        null
      ],
      "/home/jsperezg/NetBeansProjects/fges/app/models/task.rb": [
        1,
        1,
        null,
        1,
        null,
        1,
        1,
        1,
        null,
        1,
        1,
        null,
        1,
        0,
        null,
        0,
        0,
        null,
        null,
        0,
        null,
        null,
        1,
        null,
        1,
        2,
        null,
        null
      ],
      "/home/jsperezg/NetBeansProjects/fges/app/models/project.rb": [
        1,
        1,
        null,
        null,
        null,
        null,
        null,
        null,
        null,
        null,
        null,
        null,
        null,
        1,
        null,
        1,
        null,
        0,
        null,
        null,
        null,
        null,
        1,
        0,
        null,
        null,
        1,
        0,
        null,
        null,
        1,
        0,
        null,
        0,
        null,
        null,
        0,
        null,
        null,
        0,
        null,
        null,
        null,
        1,
        1,
        null,
        1,
        null,
        1,
        1,
        1,
        null
      ],
      "/home/jsperezg/NetBeansProjects/fges/app/models/estimate_detail.rb": [
        1,
        1,
        1,
        1,
        null,
        1,
        1,
        1,
        1,
        null,
        1,
        0,
        0,
        null,
        null,
        null
      ],
      "/home/jsperezg/NetBeansProjects/fges/app/models/delivery_note_detail.rb": [
        1,
        1,
        1,
        1,
        null,
        1,
        1,
        1,
        null,
        1,
        0,
        null,
        null
      ],
      "/home/jsperezg/NetBeansProjects/fges/app/models/estimate.rb": [
        1,
        1,
        null,
        1,
        null,
        null,
        null,
        null,
        null,
        null,
        null,
        null,
        null,
        null,
        null,
        1,
        null,
        1,
        null,
        0,
        null,
        null,
        null,
        1,
        1,
        1,
        null,
        1,
        1,
        1,
        1,
        1,
        1,
        null,
        1,
        0,
        null,
        0,
        0,
        null,
        null,
        0,
        null,
        null,
        1,
        1,
        null,
        1,
        1,
        null,
        null,
        1,
        0,
        0,
        0,
        null,
        null,
        0,
        null,
        null,
        1,
        0,
        null,
        null,
        1,
        0,
        null,
        null,
        1,
        0,
        null,
        null,
        1,
        0,
        null,
        null,
        1,
        0,
        null,
        null,
        1,
        0,
        0,
        0,
        null,
        null,
        0,
        null,
        null,
        1,
        0,
        null,
        null,
        1,
        0,
        null,
        0,
        null,
        null,
        0,
        null,
        null,
        null,
        1,
        null,
        1,
        2,
        null,
        2,
        1,
        null,
        null,
        2,
        null,
        null,
        1,
        1,
        0,
        null,
        null,
        null,
        1,
        1,
        0,
        0,
        null,
        null,
        null
      ],
      "/home/jsperezg/NetBeansProjects/fges/app/models/delivery_note.rb": [
        1,
        1,
        null,
        1,
        null,
        null,
        null,
        null,
        null,
        null,
        null,
        null,
        null,
        null,
        null,
        1,
        null,
        1,
        null,
        0,
        null,
        null,
        null,
        1,
        1,
        null,
        1,
        0,
        null,
        null,
        1,
        1,
        1,
        1,
        null,
        1,
        null,
        1,
        1,
        1,
        null,
        null,
        null,
        1,
        0,
        null,
        0,
        0,
        null,
        null,
        0,
        null,
        null,
        1,
        0,
        null,
        null,
        1,
        0,
        0,
        0,
        null,
        null,
        0,
        null,
        null,
        1,
        0,
        null,
        null,
        1,
        0,
        null,
        0,
        null,
        null,
        0,
        null,
        null,
        null,
        1,
        null,
        1,
        1,
        1,
        null,
        null,
        null,
        1,
        1,
        0,
        0,
        null,
        null,
        null
      ]
    },
    "timestamp": 1460143224
  }
}
